<?xml version="1.0" encoding="UTF-8"?>
<!-- Generated by org.testng.reporters.JUnitReportReporter -->
<testsuite hostname="MANOJ" failures="0" tests="1" name="coverFox_base_Classes.CoverFox_Base_Class" time="4.962" errors="0" timestamp="2024-09-10T11:50:13 IST" skipped="0">
  <testcase classname="coverFox_base_Classes.CoverFox_Base_Class" name="launchBrowser" time="4.962"/>
</testsuite> <!-- coverFox_base_Classes.CoverFox_Base_Class -->
